<?xml version="1.0" encoding="UTF-8"?>
<testsuite xmlns:xsi="http://www.w3.org/2001/XMLSchema-instance" xsi:noNamespaceSchemaLocation="https://maven.apache.org/surefire/maven-surefire-plugin/xsd/surefire-test-report-3.0.xsd" version="3.0" name="com.example.ApiTest" time="2.494" tests="1" errors="0" skipped="0" failures="0">
  <properties>
[...]
</properties>
  <testcase name="testUpdateMedia" classname="com.example.ApiTest" time="1.901">
    <system-out><![CDATA[HTTP/1.1 200 OK
Server: Werkzeug/3.1.3 Python/3.12.8
Date: Tue, 17 Dec 2024 04:33:15 GMT
Content-Type: application/json
Content-Length: 52
Access-Control-Allow-Origin: http://localhost:4200
Access-Control-Allow-Credentials: true
Connection: close

{
    "message": "Media item updated successfully."
}
]]></system-out>
  </testcase>
</testsuite>